{"uuid":"747e10b5-3980-4495-9465-a9a2532c7735","historyId":"98f330c4e8aefd1de80654d62215164c","fullName":"tests.TestcontainersSeleniumTest.testWithTestcontainers","labels":[{"name":"package","value":"tests.TestcontainersSeleniumTest"},{"name":"testClass","value":"tests.TestcontainersSeleniumTest"},{"name":"testMethod","value":"testWithTestcontainers"},{"name":"parentSuite","value":"Default Suite"},{"name":"suite","value":"TestNGTest-cc2080c1-f444-46d6-932c-f7f2ec31c683"},{"name":"subSuite","value":"tests.TestcontainersSeleniumTest"},{"name":"host","value":"Jais-MacBook-Pro.local"},{"name":"thread","value":"24744@Jais-MacBook-Pro.local.main(1)"},{"name":"framework","value":"testng"},{"name":"language","value":"java"}],"links":[],"name":"testWithTestcontainers","status":"broken","statusDetails":{"known":false,"muted":false,"flaky":false,"message":"Can't get Docker image: RemoteDockerImage(imageName=selenium/standalone-chrome:4.21.0, imagePullPolicy=DefaultPullPolicy(), imageNameSubstitutor=org.testcontainers.utility.ImageNameSubstitutor$LogWrappedImageNameSubstitutor@453a30f8)","trace":"org.testcontainers.containers.ContainerFetchException: Can't get Docker image: RemoteDockerImage(imageName=selenium/standalone-chrome:4.21.0, imagePullPolicy=DefaultPullPolicy(), imageNameSubstitutor=org.testcontainers.utility.ImageNameSubstitutor$LogWrappedImageNameSubstitutor@453a30f8)\n\tat org.testcontainers.containers.GenericContainer.getDockerImageName(GenericContainer.java:1364)\n\tat org.testcontainers.containers.GenericContainer.doStart(GenericContainer.java:359)\n\tat org.testcontainers.containers.GenericContainer.start(GenericContainer.java:330)\n\tat tests.TestcontainersSeleniumTest.testWithTestcontainers(TestcontainersSeleniumTest.java:20)\n\tat java.base/jdk.internal.reflect.NativeMethodAccessorImpl.invoke0(Native Method)\n\tat java.base/jdk.internal.reflect.NativeMethodAccessorImpl.invoke(NativeMethodAccessorImpl.java:77)\n\tat java.base/jdk.internal.reflect.DelegatingMethodAccessorImpl.invoke(DelegatingMethodAccessorImpl.java:43)\n\tat java.base/java.lang.reflect.Method.invoke(Method.java:569)\n\tat org.testng.internal.invokers.MethodInvocationHelper.invokeMethod(MethodInvocationHelper.java:141)\n\tat org.testng.internal.invokers.TestInvoker.invokeMethod(TestInvoker.java:686)\n\tat org.testng.internal.invokers.TestInvoker.invokeTestMethod(TestInvoker.java:230)\n\tat org.testng.internal.invokers.MethodRunner.runInSequence(MethodRunner.java:63)\n\tat org.testng.internal.invokers.TestInvoker$MethodInvocationAgent.invoke(TestInvoker.java:992)\n\tat org.testng.internal.invokers.TestInvoker.invokeTestMethods(TestInvoker.java:203)\n\tat org.testng.internal.invokers.TestMethodWorker.invokeTestMethods(TestMethodWorker.java:154)\n\tat org.testng.internal.invokers.TestMethodWorker.run(TestMethodWorker.java:134)\n\tat java.base/java.util.ArrayList.forEach(ArrayList.java:1511)\n\tat org.testng.TestRunner.privateRun(TestRunner.java:739)\n\tat org.testng.TestRunner.run(TestRunner.java:614)\n\tat org.testng.SuiteRunner.runTest(SuiteRunner.java:421)\n\tat org.testng.SuiteRunner.runSequentially(SuiteRunner.java:413)\n\tat org.testng.SuiteRunner.privateRun(SuiteRunner.java:373)\n\tat org.testng.SuiteRunner.run(SuiteRunner.java:312)\n\tat org.testng.SuiteRunnerWorker.runSuite(SuiteRunnerWorker.java:52)\n\tat org.testng.SuiteRunnerWorker.run(SuiteRunnerWorker.java:95)\n\tat org.testng.TestNG.runSuitesSequentially(TestNG.java:1274)\n\tat org.testng.TestNG.runSuitesLocally(TestNG.java:1208)\n\tat org.testng.TestNG.runSuites(TestNG.java:1112)\n\tat org.testng.TestNG.run(TestNG.java:1079)\n\tat com.microsoft.java.test.runner.testng.TestNGRunner.run(TestNGRunner.java:45)\n\tat com.microsoft.java.test.runner.testng.TestNGLauncher.execute(TestNGLauncher.java:32)\n\tat com.microsoft.java.test.runner.Launcher.main(Launcher.java:57)\nCaused by: com.github.dockerjava.api.exception.NotFoundException: Status 404: {\"message\":\"no matching manifest for linux/arm64/v8 in the manifest list entries: no match for platform in manifest: not found\"}\n\n\tat org.testcontainers.shaded.com.github.dockerjava.core.DefaultInvocationBuilder.execute(DefaultInvocationBuilder.java:241)\n\tat org.testcontainers.shaded.com.github.dockerjava.core.DefaultInvocationBuilder.lambda$executeAndStream$1(DefaultInvocationBuilder.java:269)\n\tat java.base/java.lang.Thread.run(Thread.java:840)\n"},"stage":"finished","steps":[],"attachments":[],"parameters":[],"start":1759932344231,"stop":1759932346978}