<!DOCTYPE html PUBLIC "-//W3C//DTD XHTML 1.1//EN" "https://www.w3.org/TR/xhtml11/DTD/xhtml11.dtd">
<html xmlns="https://www.w3.org/1999/xhtml">
<head>
<meta http-equiv="content-type" content="text/html; charset=UTF-8"/>
<title>TestNG Report</title>
<style type="text/css">table {margin-bottom:10px;border-collapse:collapse;empty-cells:show}th,td {border:1px solid #009;padding:.25em .5em}th {vertical-align:bottom}td {vertical-align:top}table a {font-weight:bold}.stripe td {background-color: #E6EBF9}.num {text-align:right}.passedodd td {background-color: #3F3}.passedeven td {background-color: #0A0}.skippedodd td {background-color: #DDD}.skippedeven td {background-color: #CCC}.failedodd td,.attn {background-color: #F33}.failedeven td,.stripe .attn {background-color: #D00}.stacktrace {white-space:pre;font-family:monospace}.totop {font-size:85%;text-align:center;border-bottom:2px solid #000}.invisible {display:none}</style>
</head>
<body>
<table>
<tr><th>Test</th><th># Passed</th><th># Skipped</th><th># Retried</th><th># Failed</th><th>Time (ms)</th><th>Included Groups</th><th>Excluded Groups</th></tr>
<tr><th colspan="8">Surefire suite</th></tr>
<tr><td><a href="#t0">Surefire test</a></td><td class="num">5</td><td class="num attn">1</td><td class="num">0</td><td class="num attn">1</td><td class="num">8â€¯502</td><td></td><td></td></tr>
</table>
<table id='summary'><thead><tr><th>Class</th><th>Method</th><th>Start</th><th>Time (ms)</th></tr></thead><tbody><tr><th colspan="4">Surefire suite</th></tr></tbody><tbody id="t0"><tr><th colspan="4">Surefire test &#8212; failed (configuration methods)</th></tr><tr class="failedeven"><td rowspan="1">tests.JsplaceholderTest</td><td><a href="#m0">launchApp</a></td><td rowspan="1">1760090191786</td><td rowspan="1">5</td></tr><tr><th colspan="4">Surefire test &#8212; failed</th></tr><tr class="failedeven"><td rowspan="1">tests.TestcontainersSeleniumTest</td><td><a href="#m1">testWithTestcontainers</a></td><td rowspan="1">1760090185967</td><td rowspan="1">254</td></tr><tr><th colspan="4">Surefire test &#8212; skipped (configuration methods)</th></tr><tr class="skippedeven"><td rowspan="1">tests.JsplaceholderTest</td><td><a href="#m2">teardown</a></td><td rowspan="1">1760090191799</td><td rowspan="1">0</td></tr><tr><th colspan="4">Surefire test &#8212; skipped</th></tr><tr class="skippedeven"><td rowspan="1">tests.JsplaceholderTest</td><td><a href="#m3">validateJsplaceholderData</a></td><td rowspan="1">1760090191794</td><td rowspan="1">0</td></tr><tr><th colspan="4">Surefire test &#8212; passed</th></tr><tr class="passedeven"><td rowspan="1">tests.DriverManagerTest</td><td><a href="#m4">launchDriver</a></td><td rowspan="1">1760090183338</td><td rowspan="1">2583</td></tr><tr class="passedodd"><td rowspan="1">tests.LoginTest</td><td><a href="#m5">validateMyPersonalInformation</a></td><td rowspan="1">1760090190932</td><td rowspan="1">763</td></tr><tr class="passedeven"><td rowspan="3">tests.PokemonTest</td><td><a href="#m6">testPokemonApiReturnsUrls</a></td><td rowspan="3">1760090187826</td><td rowspan="3">57</td></tr><tr class="passedeven"><td><a href="#m7">testPokemonApiReturnsUrls</a></td></tr><tr class="passedeven"><td><a href="#m8">testPokemonApiReturnsUrls</a></td></tr></tbody>
</table>
<h2>Surefire test</h2><h3 id="m0">tests.JsplaceholderTest#launchApp</h3><table class="result"><tr><th>Exception</th></tr><tr><td><div class="stacktrace">org.openqa.selenium.NoSuchSessionException: Session ID is null. Using WebDriver after calling quit()?
Build info: version: &apos;4.21.0&apos;, revision: &apos;79ed462ef4&apos;
System info: os.name: &apos;Mac OS X&apos;, os.arch: &apos;aarch64&apos;, os.version: &apos;26.0.1&apos;, java.version: &apos;25&apos;
Driver info: org.openqa.selenium.chrome.ChromeDriver
Command: [null, get {url=https://jsonplaceholder.typicode.com/comments}]
Capabilities {acceptInsecureCerts: false, browserName: chrome, browserVersion: 141.0.7390.55, chrome: {chromedriverVersion: 141.0.7390.76 (d6fcfbb51aac..., userDataDir: /var/folders/25/s3tn_kwj4zz...}, fedcm:accounts: true, goog:chromeOptions: {debuggerAddress: localhost:55088}, networkConnectionEnabled: false, pageLoadStrategy: normal, platformName: mac, proxy: Proxy(), se:cdp: ws://localhost:55088/devtoo..., se:cdpVersion: 141.0.7390.55, setWindowRect: true, strictFileInteractability: false, timeouts: {implicit: 0, pageLoad: 300000, script: 30000}, unhandledPromptBehavior: dismiss and notify, webauthn:extension:credBlob: true, webauthn:extension:largeBlob: true, webauthn:extension:minPinLength: true, webauthn:extension:prf: true, webauthn:virtualAuthenticators: true}
	at org.openqa.selenium.remote.HttpCommandExecutor.execute(HttpCommandExecutor.java:151)
	at org.openqa.selenium.remote.service.DriverCommandExecutor.invokeExecute(DriverCommandExecutor.java:216)
	at org.openqa.selenium.remote.service.DriverCommandExecutor.execute(DriverCommandExecutor.java:174)
	at org.openqa.selenium.remote.RemoteWebDriver.execute(RemoteWebDriver.java:518)
	at org.openqa.selenium.remote.RemoteWebDriver.get(RemoteWebDriver.java:300)
	at tests.JsplaceholderTest.launchApp(JsplaceholderTest.java:31)
	at java.base/java.util.ArrayList.forEach(ArrayList.java:1604)
... Removed 34 stack frames</div></td></tr></table><p class="totop"><a href="#summary">back to summary</a></p>
<h3 id="m1">tests.TestcontainersSeleniumTest#testWithTestcontainers</h3><table class="result"><tr><th>Exception</th></tr><tr><td><div class="stacktrace">java.lang.IllegalStateException: Could not find a valid Docker environment. Please see logs and check configuration
	at org.testcontainers.dockerclient.DockerClientProviderStrategy.lambda$getFirstValidStrategy$7(DockerClientProviderStrategy.java:277)
	at java.base/java.util.Optional.orElseThrow(Optional.java:403)
	at org.testcontainers.dockerclient.DockerClientProviderStrategy.getFirstValidStrategy(DockerClientProviderStrategy.java:268)
	at org.testcontainers.DockerClientFactory.getOrInitializeStrategy(DockerClientFactory.java:152)
	at org.testcontainers.DockerClientFactory.client(DockerClientFactory.java:194)
	at org.testcontainers.DockerClientFactory$1.getDockerClient(DockerClientFactory.java:106)
	at com.github.dockerjava.api.DockerClientDelegate.authConfig(DockerClientDelegate.java:109)
	at org.testcontainers.containers.GenericContainer.start(GenericContainer.java:329)
	at tests.TestcontainersSeleniumTest.testWithTestcontainers(TestcontainersSeleniumTest.java:17)
	at java.base/java.util.ArrayList.forEach(ArrayList.java:1604)
... Removed 30 stack frames</div></td></tr></table><p class="totop"><a href="#summary">back to summary</a></p>
<h3 id="m2">tests.JsplaceholderTest#teardown</h3><table class="result"><tr><th class="invisible"/></tr></table><p class="totop"><a href="#summary">back to summary</a></p>
<h3 id="m3">tests.JsplaceholderTest#validateJsplaceholderData</h3><table class="result"><tr><th>Exception</th></tr><tr><td><div class="stacktrace">org.openqa.selenium.NoSuchSessionException: Session ID is null. Using WebDriver after calling quit()?
Build info: version: &apos;4.21.0&apos;, revision: &apos;79ed462ef4&apos;
System info: os.name: &apos;Mac OS X&apos;, os.arch: &apos;aarch64&apos;, os.version: &apos;26.0.1&apos;, java.version: &apos;25&apos;
Driver info: org.openqa.selenium.chrome.ChromeDriver
Command: [null, get {url=https://jsonplaceholder.typicode.com/comments}]
Capabilities {acceptInsecureCerts: false, browserName: chrome, browserVersion: 141.0.7390.55, chrome: {chromedriverVersion: 141.0.7390.76 (d6fcfbb51aac..., userDataDir: /var/folders/25/s3tn_kwj4zz...}, fedcm:accounts: true, goog:chromeOptions: {debuggerAddress: localhost:55088}, networkConnectionEnabled: false, pageLoadStrategy: normal, platformName: mac, proxy: Proxy(), se:cdp: ws://localhost:55088/devtoo..., se:cdpVersion: 141.0.7390.55, setWindowRect: true, strictFileInteractability: false, timeouts: {implicit: 0, pageLoad: 300000, script: 30000}, unhandledPromptBehavior: dismiss and notify, webauthn:extension:credBlob: true, webauthn:extension:largeBlob: true, webauthn:extension:minPinLength: true, webauthn:extension:prf: true, webauthn:virtualAuthenticators: true}
	at org.openqa.selenium.remote.HttpCommandExecutor.execute(HttpCommandExecutor.java:151)
	at org.openqa.selenium.remote.service.DriverCommandExecutor.invokeExecute(DriverCommandExecutor.java:216)
	at org.openqa.selenium.remote.service.DriverCommandExecutor.execute(DriverCommandExecutor.java:174)
	at org.openqa.selenium.remote.RemoteWebDriver.execute(RemoteWebDriver.java:518)
	at org.openqa.selenium.remote.RemoteWebDriver.get(RemoteWebDriver.java:300)
	at tests.JsplaceholderTest.launchApp(JsplaceholderTest.java:31)
	at java.base/java.util.ArrayList.forEach(ArrayList.java:1604)
... Removed 34 stack frames</div></td></tr></table><p class="totop"><a href="#summary">back to summary</a></p>
<h3 id="m4">tests.DriverManagerTest#launchDriver</h3><table class="result"><tr><th class="invisible"/></tr></table><p class="totop"><a href="#summary">back to summary</a></p>
<h3 id="m5">tests.LoginTest#validateMyPersonalInformation</h3><table class="result"><tr><th class="invisible"/></tr></table><p class="totop"><a href="#summary">back to summary</a></p>
<h3 id="m6">tests.PokemonTest#testPokemonApiReturnsUrls</h3><table class="result"><tr class="param"><th>Parameter #1</th></tr><tr class="param stripe"><td>https://pokeapi.co/api/v2/pokemon?limit=20</td></tr></table><p class="totop"><a href="#summary">back to summary</a></p>
<h3 id="m7">tests.PokemonTest#testPokemonApiReturnsUrls</h3><table class="result"><tr class="param"><th>Parameter #1</th></tr><tr class="param stripe"><td>https://pokeapi.co/api/v2/pokemon?limit=30</td></tr></table><p class="totop"><a href="#summary">back to summary</a></p>
<h3 id="m8">tests.PokemonTest#testPokemonApiReturnsUrls</h3><table class="result"><tr class="param"><th>Parameter #1</th></tr><tr class="param stripe"><td>https://pokeapi.co/api/v2/pokemon?limit=10</td></tr></table><p class="totop"><a href="#summary">back to summary</a></p>
</body>
</html>
